<?xml version="1.0" encoding="UTF-8"?>
<!-- Generated by org.testng.reporters.JUnitReportReporter -->
<testsuite hostname="HDDT0260" name="com.testng.Demo3" tests="2" failures="0" timestamp="7 Aug 2018 10:16:56 GMT" time="0.020" errors="0">
  <testcase name="TestCase3" time="0.002" classname="com.testng.Demo3"/>
  <testcase name="TestCase1" time="0.018" classname="com.testng.Demo3"/>
</testsuite> <!-- com.testng.Demo3 -->
