<?xml version="1.0" encoding="UTF-8"?>
<!-- Generated by org.testng.reporters.JUnitReportReporter -->
<testsuite hostname="HDDT0260" name="com.alert.Demo1" tests="1" failures="0" timestamp="21 Aug 2018 10:41:52 GMT" time="18.781" errors="0">
  <testcase name="TestAL" time="18.781" classname="com.alert.Demo1"/>
</testsuite> <!-- com.alert.Demo1 -->
