<?xml version="1.0" encoding="UTF-8"?>
<!-- Generated by org.testng.reporters.JUnitReportReporter -->
<testsuite hostname="HDDT0260" name="com.testng.Demo2" tests="5" failures="0" timestamp="12 Dec 2018 10:09:58 GMT" time="0.015" errors="0">
  <testcase name="Test4" time="0.000" classname="com.testng.Demo2"/>
  <testcase name="Test5" time="0.000" classname="com.testng.Demo2"/>
  <testcase name="Test3" time="0.000" classname="com.testng.Demo2"/>
  <testcase name="Test1" time="0.015" classname="com.testng.Demo2"/>
  <testcase name="Test2" time="0.000" classname="com.testng.Demo2"/>
</testsuite> <!-- com.testng.Demo2 -->
