<?xml version="1.0" encoding="UTF-8"?>
<!-- Generated by org.testng.reporters.JUnitReportReporter -->
<testsuite hostname="HDDT0260" name="com.testng.AnnotationsDemo1" tests="2" failures="0" timestamp="9 Jan 2019 09:55:42 GMT" time="0.032" errors="0">
  <testcase name="Test1" time="0.032" classname="com.testng.AnnotationsDemo1"/>
  <testcase name="Test2" time="0.000" classname="com.testng.AnnotationsDemo1"/>
</testsuite> <!-- com.testng.AnnotationsDemo1 -->
