<?xml version="1.0" encoding="UTF-8"?>
<!-- Generated by org.testng.reporters.JUnitReportReporter -->
<testsuite hostname="HDDT0260" name="com.testng.TestNG_Annotation_Groups" tests="6" failures="0" timestamp="21 Jan 2019 06:11:18 GMT" time="0.032" errors="0">
  <testcase name="testCar1" time="0.016" classname="com.testng.TestNG_Annotation_Groups"/>
  <testcase name="testBike1" time="0.016" classname="com.testng.TestNG_Annotation_Groups"/>
  <testcase name="testBike3" time="0.000" classname="com.testng.TestNG_Annotation_Groups"/>
  <testcase name="testBike2" time="0.000" classname="com.testng.TestNG_Annotation_Groups"/>
  <testcase name="testCar3" time="0.000" classname="com.testng.TestNG_Annotation_Groups"/>
  <testcase name="testCar2" time="0.000" classname="com.testng.TestNG_Annotation_Groups"/>
</testsuite> <!-- com.testng.TestNG_Annotation_Groups -->
